<?xml version="1.0" encoding="UTF-8"?>
<!-- Generated by org.testng.reporters.JUnitXMLReporter -->
<testsuite ignored="0" hostname="DESKTOP-F3HIC5N" failures="0" tests="4" name="Test" time="93.91" errors="0" timestamp="25 May 2020 08:56:52 GMT">
  <testcase classname="com.qa.tests.HomePageTestValidate" name="validatetitiletest" time="0.083"/>
  <testcase classname="com.qa.tests.LoginTestValidate" name="validatetitiletest" time="0.024"/>
  <testcase classname="com.qa.tests.MediaPageTest" name="verifytitletoolstest" time="0.019"/>
  <testcase classname="com.qa.tests.ToolPageTest" name="validatetoolstest" time="10.169"/>
</testsuite> <!-- Test -->
