<?xml version="1.0" encoding="UTF-8"?>
<!-- Generated by org.testng.reporters.JUnitXMLReporter -->
<testsuite ignored="0" hostname="DESKTOP-F3HIC5N" failures="1" tests="3" name="Test" time="37.791" errors="0" timestamp="27 May 2020 05:14:46 GMT">
  <testcase classname="com.qa.tests.HomePageTestValidate" name="validatetitiletest" time="0.045"/>
  <testcase classname="com.qa.tests.MediaPageTest" name="verifytitletoolstest" time="0.024">
    <failure type="java.lang.AssertionError" message="expected [Dashboard ‹ Wordpress Demo Site at Demo.Center — WordPress] but found [Log In ‹ Wordpress Demo Site at Demo.Center — WordPress]">
      <![CDATA[java.lang.AssertionError: expected [Dashboard ‹ Wordpress Demo Site at Demo.Center — WordPress] but found [Log In ‹ Wordpress Demo Site at Demo.Center — WordPress]
at com.qa.tests.MediaPageTest.verifytitletoolstest(MediaPageTest.java:45)
... Removed 31 stack frames]]>
    </failure>
  </testcase> <!-- verifytitletoolstest -->
  <testcase classname="com.qa.tests.LoginTestValidate" name="validatetitiletest" time="0.016"/>
</testsuite> <!-- Test -->
